[0.009s] Invoking command in '/home/cameron/ball_balancer/ros/build/ball_balancer': CMAKE_PREFIX_PATH=${CMAKE_PREFIX_PATH}:/home/cameron/osu-uwrt/release/install/riptide_bringup2:/home/cameron/osu-uwrt/release/install/remote_launch:/opt/ros/humble /usr/bin/cmake /home/cameron/ball_balancer/ros/src/ball_balancer -DAMENT_CMAKE_SYMLINK_INSTALL=1 -DCMAKE_INSTALL_PREFIX=/home/cameron/ball_balancer/ros/install/ball_balancer
[0.051s] -- The C compiler identification is GNU 11.4.0
[0.088s] -- The CXX compiler identification is GNU 11.4.0
[0.093s] -- Detecting C compiler ABI info
[0.140s] -- Detecting C compiler ABI info - done
[0.146s] -- Check for working C compiler: /usr/bin/cc - skipped
[0.146s] -- Detecting C compile features
[0.146s] -- Detecting C compile features - done
[0.149s] -- Detecting CXX compiler ABI info
[0.217s] -- Detecting CXX compiler ABI info - done
[0.226s] -- Check for working CXX compiler: /usr/bin/c++ - skipped
[0.226s] -- Detecting CXX compile features
[0.227s] -- Detecting CXX compile features - done
[0.232s] -- Found ament_cmake: 1.3.11 (/opt/ros/humble/share/ament_cmake/cmake)
[0.520s] -- Found Python3: /usr/bin/python3 (found version "3.10.12") found components: Interpreter 
[0.571s] -- Override CMake install command with custom implementation using symlinks instead of copying resources
[0.663s] -- Configuring done
[0.664s] -- Generating done
[0.665s] -- Build files have been written to: /home/cameron/ball_balancer/ros/build/ball_balancer
[0.668s] Invoked command in '/home/cameron/ball_balancer/ros/build/ball_balancer' returned '0': CMAKE_PREFIX_PATH=${CMAKE_PREFIX_PATH}:/home/cameron/osu-uwrt/release/install/riptide_bringup2:/home/cameron/osu-uwrt/release/install/remote_launch:/opt/ros/humble /usr/bin/cmake /home/cameron/ball_balancer/ros/src/ball_balancer -DAMENT_CMAKE_SYMLINK_INSTALL=1 -DCMAKE_INSTALL_PREFIX=/home/cameron/ball_balancer/ros/install/ball_balancer
[0.670s] Invoking command in '/home/cameron/ball_balancer/ros/build/ball_balancer': CMAKE_PREFIX_PATH=${CMAKE_PREFIX_PATH}:/home/cameron/osu-uwrt/release/install/riptide_bringup2:/home/cameron/osu-uwrt/release/install/remote_launch:/opt/ros/humble /usr/bin/cmake --build /home/cameron/ball_balancer/ros/build/ball_balancer -- -j16 -l16
[0.695s] Invoked command in '/home/cameron/ball_balancer/ros/build/ball_balancer' returned '0': CMAKE_PREFIX_PATH=${CMAKE_PREFIX_PATH}:/home/cameron/osu-uwrt/release/install/riptide_bringup2:/home/cameron/osu-uwrt/release/install/remote_launch:/opt/ros/humble /usr/bin/cmake --build /home/cameron/ball_balancer/ros/build/ball_balancer -- -j16 -l16
[0.702s] Invoking command in '/home/cameron/ball_balancer/ros/build/ball_balancer': CMAKE_PREFIX_PATH=${CMAKE_PREFIX_PATH}:/home/cameron/osu-uwrt/release/install/riptide_bringup2:/home/cameron/osu-uwrt/release/install/remote_launch:/opt/ros/humble /usr/bin/cmake --install /home/cameron/ball_balancer/ros/build/ball_balancer
[0.707s] -- Install configuration: ""
[0.707s] -- Execute custom install script
[0.708s] -- Symlinking: /home/cameron/ball_balancer/ros/install/ball_balancer/share/ball_balancer/config/joint_names_ball_balancer.yaml
[0.715s] -- Symlinking: /home/cameron/ball_balancer/ros/install/ball_balancer/share/ball_balancer/launch/display.launch
[0.720s] -- Symlinking: /home/cameron/ball_balancer/ros/install/ball_balancer/share/ball_balancer/launch/display.launch.py
[0.726s] -- Symlinking: /home/cameron/ball_balancer/ros/install/ball_balancer/share/ball_balancer/launch/gazebo.launch
[0.731s] -- Symlinking: /home/cameron/ball_balancer/ros/install/ball_balancer/share/ball_balancer/meshes/base_link.STL
[0.737s] -- Symlinking: /home/cameron/ball_balancer/ros/install/ball_balancer/share/ball_balancer/meshes/servo_arm_1_link.STL
[0.742s] -- Symlinking: /home/cameron/ball_balancer/ros/install/ball_balancer/share/ball_balancer/meshes/servo_arm_2_link.STL
[0.748s] -- Symlinking: /home/cameron/ball_balancer/ros/install/ball_balancer/share/ball_balancer/meshes/servo_arm_3_link.STL
[0.753s] -- Symlinking: /home/cameron/ball_balancer/ros/install/ball_balancer/share/ball_balancer/meshes/table_arm_1_link.STL
[0.758s] -- Symlinking: /home/cameron/ball_balancer/ros/install/ball_balancer/share/ball_balancer/meshes/table_arm_2_link.STL
[0.763s] -- Symlinking: /home/cameron/ball_balancer/ros/install/ball_balancer/share/ball_balancer/meshes/table_arm_3_link.STL
[0.769s] -- Symlinking: /home/cameron/ball_balancer/ros/install/ball_balancer/share/ball_balancer/urdf/ball_balancer.csv
[0.774s] -- Symlinking: /home/cameron/ball_balancer/ros/install/ball_balancer/share/ball_balancer/urdf/ball_balancer.urdf
[0.779s] -- Symlinking: /home/cameron/ball_balancer/ros/install/ball_balancer/share/ament_index/resource_index/package_run_dependencies/ball_balancer
[0.785s] -- Symlinking: /home/cameron/ball_balancer/ros/install/ball_balancer/share/ament_index/resource_index/parent_prefix_path/ball_balancer
[0.790s] -- Symlinking: /home/cameron/ball_balancer/ros/install/ball_balancer/share/ball_balancer/environment/ament_prefix_path.sh
[0.795s] -- Symlinking: /home/cameron/ball_balancer/ros/install/ball_balancer/share/ball_balancer/environment/ament_prefix_path.dsv
[0.801s] -- Symlinking: /home/cameron/ball_balancer/ros/install/ball_balancer/share/ball_balancer/environment/path.sh
[0.806s] -- Symlinking: /home/cameron/ball_balancer/ros/install/ball_balancer/share/ball_balancer/environment/path.dsv
[0.812s] -- Symlinking: /home/cameron/ball_balancer/ros/install/ball_balancer/share/ball_balancer/local_setup.bash
[0.818s] -- Symlinking: /home/cameron/ball_balancer/ros/install/ball_balancer/share/ball_balancer/local_setup.sh
[0.823s] -- Symlinking: /home/cameron/ball_balancer/ros/install/ball_balancer/share/ball_balancer/local_setup.zsh
[0.829s] -- Symlinking: /home/cameron/ball_balancer/ros/install/ball_balancer/share/ball_balancer/local_setup.dsv
[0.834s] -- Symlinking: /home/cameron/ball_balancer/ros/install/ball_balancer/share/ball_balancer/package.dsv
[0.840s] -- Symlinking: /home/cameron/ball_balancer/ros/install/ball_balancer/share/ament_index/resource_index/packages/ball_balancer
[0.845s] -- Symlinking: /home/cameron/ball_balancer/ros/install/ball_balancer/share/ball_balancer/cmake/ball_balancerConfig.cmake
[0.850s] -- Symlinking: /home/cameron/ball_balancer/ros/install/ball_balancer/share/ball_balancer/cmake/ball_balancerConfig-version.cmake
[0.856s] -- Symlinking: /home/cameron/ball_balancer/ros/install/ball_balancer/share/ball_balancer/package.xml
[0.864s] Invoked command in '/home/cameron/ball_balancer/ros/build/ball_balancer' returned '0': CMAKE_PREFIX_PATH=${CMAKE_PREFIX_PATH}:/home/cameron/osu-uwrt/release/install/riptide_bringup2:/home/cameron/osu-uwrt/release/install/remote_launch:/opt/ros/humble /usr/bin/cmake --install /home/cameron/ball_balancer/ros/build/ball_balancer
