[0.148s] [34mcolcon[0m [1;30mDEBUG[0m [32mCommand line arguments: ['/usr/bin/colcon', 'build', '--symlink-install'][0m
[0.148s] [34mcolcon[0m [1;30mDEBUG[0m [32mParsed command line arguments: Namespace(log_base=None, log_level=None, verb_name='build', build_base='build', install_base='install', merge_install=False, symlink_install=True, test_result_base=None, continue_on_error=False, executor='parallel', parallel_workers=16, event_handlers=None, ignore_user_meta=False, metas=['./colcon.meta'], base_paths=['.'], packages_ignore=None, packages_ignore_regex=None, paths=None, packages_up_to=None, packages_up_to_regex=None, packages_above=None, packages_above_and_dependencies=None, packages_above_depth=None, packages_select_by_dep=None, packages_skip_by_dep=None, packages_skip_up_to=None, packages_select_build_failed=False, packages_skip_build_finished=False, packages_select_test_failures=False, packages_skip_test_passed=False, packages_select=None, packages_skip=None, packages_select_regex=None, packages_skip_regex=None, packages_start=None, packages_end=None, allow_overriding=[], cmake_args=None, cmake_target=None, cmake_target_skip_unavailable=False, cmake_clean_cache=False, cmake_clean_first=False, cmake_force_configure=False, ament_cmake_args=None, catkin_cmake_args=None, catkin_skip_building_tests=False, verb_parser=<colcon_defaults.argument_parser.defaults.DefaultArgumentsDecorator object at 0x785a26e9cd60>, verb_extension=<colcon_core.verb.build.BuildVerb object at 0x785a26e9c7f0>, main=<bound method BuildVerb.main of <colcon_core.verb.build.BuildVerb object at 0x785a26e9c7f0>>)[0m
[0.178s] [34mcolcon.colcon_core.package_discovery[0m [1;30mLevel 1[0m discover_packages(colcon_meta) check parameters
[0.178s] [34mcolcon.colcon_core.package_discovery[0m [1;30mLevel 1[0m discover_packages(recursive) check parameters
[0.178s] [34mcolcon.colcon_core.package_discovery[0m [1;30mLevel 1[0m discover_packages(ignore) check parameters
[0.178s] [34mcolcon.colcon_core.package_discovery[0m [1;30mLevel 1[0m discover_packages(path) check parameters
[0.178s] [34mcolcon.colcon_core.package_discovery[0m [1;30mLevel 1[0m discover_packages(colcon_meta) discover
[0.178s] [34mcolcon.colcon_core.package_discovery[0m [1;30mLevel 1[0m discover_packages(recursive) discover
[0.178s] [34mcolcon.colcon_core.package_discovery[0m [1;30mINFO[0m Crawling recursively for packages in '/home/cameron/ball_balancer/ros'
[0.178s] [34mcolcon.colcon_core.package_identification[0m [1;30mLevel 1[0m _identify(.) by extensions ['ignore', 'ignore_ament_install']
[0.178s] [34mcolcon.colcon_core.package_identification[0m [1;30mLevel 1[0m _identify(.) by extension 'ignore'
[0.178s] [34mcolcon.colcon_core.package_identification[0m [1;30mLevel 1[0m _identify(.) by extension 'ignore_ament_install'
[0.178s] [34mcolcon.colcon_core.package_identification[0m [1;30mLevel 1[0m _identify(.) by extensions ['colcon_pkg']
[0.178s] [34mcolcon.colcon_core.package_identification[0m [1;30mLevel 1[0m _identify(.) by extension 'colcon_pkg'
[0.178s] [34mcolcon.colcon_core.package_identification[0m [1;30mLevel 1[0m _identify(.) by extensions ['colcon_meta']
[0.178s] [34mcolcon.colcon_core.package_identification[0m [1;30mLevel 1[0m _identify(.) by extension 'colcon_meta'
[0.178s] [34mcolcon.colcon_core.package_identification[0m [1;30mLevel 1[0m _identify(.) by extensions ['ros']
[0.178s] [34mcolcon.colcon_core.package_identification[0m [1;30mLevel 1[0m _identify(.) by extension 'ros'
[0.196s] [34mcolcon.colcon_core.package_identification[0m [1;30mLevel 1[0m _identify(.) by extensions ['cmake', 'python']
[0.196s] [34mcolcon.colcon_core.package_identification[0m [1;30mLevel 1[0m _identify(.) by extension 'cmake'
[0.196s] [34mcolcon.colcon_core.package_identification[0m [1;30mLevel 1[0m _identify(.) by extension 'python'
[0.196s] [34mcolcon.colcon_core.package_identification[0m [1;30mLevel 1[0m _identify(.) by extensions ['python_setup_py']
[0.196s] [34mcolcon.colcon_core.package_identification[0m [1;30mLevel 1[0m _identify(.) by extension 'python_setup_py'
[0.196s] [34mcolcon.colcon_core.package_identification[0m [1;30mLevel 1[0m _identify(build) by extensions ['ignore', 'ignore_ament_install']
[0.196s] [34mcolcon.colcon_core.package_identification[0m [1;30mLevel 1[0m _identify(build) by extension 'ignore'
[0.196s] [34mcolcon.colcon_core.package_identification[0m [1;30mLevel 1[0m _identify(build) ignored
[0.196s] [34mcolcon.colcon_core.package_identification[0m [1;30mLevel 1[0m _identify(install) by extensions ['ignore', 'ignore_ament_install']
[0.196s] [34mcolcon.colcon_core.package_identification[0m [1;30mLevel 1[0m _identify(install) by extension 'ignore'
[0.196s] [34mcolcon.colcon_core.package_identification[0m [1;30mLevel 1[0m _identify(install) ignored
[0.196s] [34mcolcon.colcon_core.package_identification[0m [1;30mLevel 1[0m _identify(log) by extensions ['ignore', 'ignore_ament_install']
[0.196s] [34mcolcon.colcon_core.package_identification[0m [1;30mLevel 1[0m _identify(log) by extension 'ignore'
[0.196s] [34mcolcon.colcon_core.package_identification[0m [1;30mLevel 1[0m _identify(log) ignored
[0.196s] [34mcolcon.colcon_core.package_identification[0m [1;30mLevel 1[0m _identify(src) by extensions ['ignore', 'ignore_ament_install']
[0.196s] [34mcolcon.colcon_core.package_identification[0m [1;30mLevel 1[0m _identify(src) by extension 'ignore'
[0.196s] [34mcolcon.colcon_core.package_identification[0m [1;30mLevel 1[0m _identify(src) by extension 'ignore_ament_install'
[0.196s] [34mcolcon.colcon_core.package_identification[0m [1;30mLevel 1[0m _identify(src) by extensions ['colcon_pkg']
[0.196s] [34mcolcon.colcon_core.package_identification[0m [1;30mLevel 1[0m _identify(src) by extension 'colcon_pkg'
[0.197s] [34mcolcon.colcon_core.package_identification[0m [1;30mLevel 1[0m _identify(src) by extensions ['colcon_meta']
[0.197s] [34mcolcon.colcon_core.package_identification[0m [1;30mLevel 1[0m _identify(src) by extension 'colcon_meta'
[0.197s] [34mcolcon.colcon_core.package_identification[0m [1;30mLevel 1[0m _identify(src) by extensions ['ros']
[0.197s] [34mcolcon.colcon_core.package_identification[0m [1;30mLevel 1[0m _identify(src) by extension 'ros'
[0.197s] [34mcolcon.colcon_core.package_identification[0m [1;30mLevel 1[0m _identify(src) by extensions ['cmake', 'python']
[0.197s] [34mcolcon.colcon_core.package_identification[0m [1;30mLevel 1[0m _identify(src) by extension 'cmake'
[0.197s] [34mcolcon.colcon_core.package_identification[0m [1;30mLevel 1[0m _identify(src) by extension 'python'
[0.197s] [34mcolcon.colcon_core.package_identification[0m [1;30mLevel 1[0m _identify(src) by extensions ['python_setup_py']
[0.197s] [34mcolcon.colcon_core.package_identification[0m [1;30mLevel 1[0m _identify(src) by extension 'python_setup_py'
[0.197s] [34mcolcon.colcon_core.package_identification[0m [1;30mLevel 1[0m _identify(src/ball_balancer) by extensions ['ignore', 'ignore_ament_install']
[0.197s] [34mcolcon.colcon_core.package_identification[0m [1;30mLevel 1[0m _identify(src/ball_balancer) by extension 'ignore'
[0.197s] [34mcolcon.colcon_core.package_identification[0m [1;30mLevel 1[0m _identify(src/ball_balancer) by extension 'ignore_ament_install'
[0.197s] [34mcolcon.colcon_core.package_identification[0m [1;30mLevel 1[0m _identify(src/ball_balancer) by extensions ['colcon_pkg']
[0.197s] [34mcolcon.colcon_core.package_identification[0m [1;30mLevel 1[0m _identify(src/ball_balancer) by extension 'colcon_pkg'
[0.197s] [34mcolcon.colcon_core.package_identification[0m [1;30mLevel 1[0m _identify(src/ball_balancer) by extensions ['colcon_meta']
[0.197s] [34mcolcon.colcon_core.package_identification[0m [1;30mLevel 1[0m _identify(src/ball_balancer) by extension 'colcon_meta'
[0.197s] [34mcolcon.colcon_core.package_identification[0m [1;30mLevel 1[0m _identify(src/ball_balancer) by extensions ['ros']
[0.197s] [34mcolcon.colcon_core.package_identification[0m [1;30mLevel 1[0m _identify(src/ball_balancer) by extension 'ros'
[0.199s] [34mcolcon.colcon_core.package_identification[0m [1;30mDEBUG[0m [32mPackage 'src/ball_balancer' with type 'ros.ament_cmake' and name 'ball_balancer'[0m
[0.199s] [34mcolcon.colcon_core.package_discovery[0m [1;30mLevel 1[0m discover_packages(recursive) using defaults
[0.199s] [34mcolcon.colcon_core.package_discovery[0m [1;30mLevel 1[0m discover_packages(ignore) discover
[0.199s] [34mcolcon.colcon_core.package_discovery[0m [1;30mLevel 1[0m discover_packages(ignore) using defaults
[0.199s] [34mcolcon.colcon_core.package_discovery[0m [1;30mLevel 1[0m discover_packages(path) discover
[0.199s] [34mcolcon.colcon_core.package_discovery[0m [1;30mLevel 1[0m discover_packages(path) using defaults
[0.211s] [34mcolcon.colcon_core.package_discovery[0m [1;30mLevel 1[0m discover_packages(prefix_path) check parameters
[0.211s] [34mcolcon.colcon_core.package_discovery[0m [1;30mLevel 1[0m discover_packages(prefix_path) discover
[0.212s] [34mcolcon.colcon_ros.prefix_path.ament[0m [1;30mWARNING[0m [33mThe path '/home/cameron/ball_balancer/ros/install/ball_balancer' in the environment variable AMENT_PREFIX_PATH doesn't exist[0m
[0.212s] [34mcolcon.colcon_ros.prefix_path.catkin[0m [1;30mWARNING[0m [33mThe path '/home/cameron/ball_balancer/ros/install/ball_balancer' in the environment variable CMAKE_PREFIX_PATH doesn't exist[0m
[0.213s] [34mcolcon.colcon_installed_package_information.package_discovery[0m [1;30mDEBUG[0m [32mFound 0 installed packages in /home/cameron/ball_balancer/ros/install[0m
[0.214s] [34mcolcon.colcon_installed_package_information.package_discovery[0m [1;30mDEBUG[0m [32mFound 28 installed packages in /home/cameron/osu-uwrt/release/install[0m
[0.214s] [34mcolcon.colcon_installed_package_information.package_discovery[0m [1;30mDEBUG[0m [32mFound 1 installed packages in /home/cameron/osu-uwrt/riptide_setup/install[0m
[0.215s] [34mcolcon.colcon_installed_package_information.package_discovery[0m [1;30mDEBUG[0m [32mFound 424 installed packages in /opt/ros/humble[0m
[0.217s] [34mcolcon.colcon_core.package_discovery[0m [1;30mLevel 1[0m discover_packages(prefix_path) using defaults
[0.258s] [34mcolcon.colcon_core.verb[0m [1;30mLevel 5[0m set package 'ball_balancer' build argument 'cmake_args' from command line to 'None'
[0.259s] [34mcolcon.colcon_core.verb[0m [1;30mLevel 5[0m set package 'ball_balancer' build argument 'cmake_target' from command line to 'None'
[0.259s] [34mcolcon.colcon_core.verb[0m [1;30mLevel 5[0m set package 'ball_balancer' build argument 'cmake_target_skip_unavailable' from command line to 'False'
[0.259s] [34mcolcon.colcon_core.verb[0m [1;30mLevel 5[0m set package 'ball_balancer' build argument 'cmake_clean_cache' from command line to 'False'
[0.259s] [34mcolcon.colcon_core.verb[0m [1;30mLevel 5[0m set package 'ball_balancer' build argument 'cmake_clean_first' from command line to 'False'
[0.259s] [34mcolcon.colcon_core.verb[0m [1;30mLevel 5[0m set package 'ball_balancer' build argument 'cmake_force_configure' from command line to 'False'
[0.259s] [34mcolcon.colcon_core.verb[0m [1;30mLevel 5[0m set package 'ball_balancer' build argument 'ament_cmake_args' from command line to 'None'
[0.259s] [34mcolcon.colcon_core.verb[0m [1;30mLevel 5[0m set package 'ball_balancer' build argument 'catkin_cmake_args' from command line to 'None'
[0.259s] [34mcolcon.colcon_core.verb[0m [1;30mLevel 5[0m set package 'ball_balancer' build argument 'catkin_skip_building_tests' from command line to 'False'
[0.259s] [34mcolcon.colcon_core.verb[0m [1;30mDEBUG[0m [32mBuilding package 'ball_balancer' with the following arguments: {'ament_cmake_args': None, 'build_base': '/home/cameron/ball_balancer/ros/build/ball_balancer', 'catkin_cmake_args': None, 'catkin_skip_building_tests': False, 'cmake_args': None, 'cmake_clean_cache': False, 'cmake_clean_first': False, 'cmake_force_configure': False, 'cmake_target': None, 'cmake_target_skip_unavailable': False, 'install_base': '/home/cameron/ball_balancer/ros/install/ball_balancer', 'merge_install': False, 'path': '/home/cameron/ball_balancer/ros/src/ball_balancer', 'symlink_install': True, 'test_result_base': None}[0m
[0.259s] [34mcolcon.colcon_core.executor[0m [1;30mINFO[0m Executing jobs using 'parallel' executor
[0.259s] [34mcolcon.colcon_parallel_executor.executor.parallel[0m [1;30mDEBUG[0m [32mrun_until_complete[0m
[0.260s] [34mcolcon.colcon_ros.task.ament_cmake.build[0m [1;30mINFO[0m Building ROS package in '/home/cameron/ball_balancer/ros/src/ball_balancer' with build type 'ament_cmake'
[0.260s] [34mcolcon.colcon_cmake.task.cmake.build[0m [1;30mINFO[0m Building CMake package in '/home/cameron/ball_balancer/ros/src/ball_balancer'
[0.261s] [34mcolcon.colcon_core.plugin_system[0m [1;30mINFO[0m Skipping extension 'colcon_core.shell.bat': Not used on non-Windows systems
[0.261s] [34mcolcon.colcon_core.shell[0m [1;30mINFO[0m Skip shell extension 'powershell' for command environment: Not usable outside of PowerShell
[0.261s] [34mcolcon.colcon_core.shell[0m [1;30mDEBUG[0m [32mSkip shell extension 'dsv' for command environment[0m
[0.269s] [34mcolcon.colcon_core.event_handler.log_command[0m [1;30mDEBUG[0m [32mInvoking command in '/home/cameron/ball_balancer/ros/build/ball_balancer': CMAKE_PREFIX_PATH=${CMAKE_PREFIX_PATH}:/home/cameron/osu-uwrt/release/install/riptide_bringup2:/home/cameron/osu-uwrt/release/install/remote_launch:/opt/ros/humble /usr/bin/cmake /home/cameron/ball_balancer/ros/src/ball_balancer -DAMENT_CMAKE_SYMLINK_INSTALL=1 -DCMAKE_INSTALL_PREFIX=/home/cameron/ball_balancer/ros/install/ball_balancer[0m
[0.928s] [34mcolcon.colcon_core.event_handler.log_command[0m [1;30mDEBUG[0m [32mInvoked command in '/home/cameron/ball_balancer/ros/build/ball_balancer' returned '0': CMAKE_PREFIX_PATH=${CMAKE_PREFIX_PATH}:/home/cameron/osu-uwrt/release/install/riptide_bringup2:/home/cameron/osu-uwrt/release/install/remote_launch:/opt/ros/humble /usr/bin/cmake /home/cameron/ball_balancer/ros/src/ball_balancer -DAMENT_CMAKE_SYMLINK_INSTALL=1 -DCMAKE_INSTALL_PREFIX=/home/cameron/ball_balancer/ros/install/ball_balancer[0m
[0.930s] [34mcolcon.colcon_core.event_handler.log_command[0m [1;30mDEBUG[0m [32mInvoking command in '/home/cameron/ball_balancer/ros/build/ball_balancer': CMAKE_PREFIX_PATH=${CMAKE_PREFIX_PATH}:/home/cameron/osu-uwrt/release/install/riptide_bringup2:/home/cameron/osu-uwrt/release/install/remote_launch:/opt/ros/humble /usr/bin/cmake --build /home/cameron/ball_balancer/ros/build/ball_balancer -- -j16 -l16[0m
[0.955s] [34mcolcon.colcon_core.event_handler.log_command[0m [1;30mDEBUG[0m [32mInvoked command in '/home/cameron/ball_balancer/ros/build/ball_balancer' returned '0': CMAKE_PREFIX_PATH=${CMAKE_PREFIX_PATH}:/home/cameron/osu-uwrt/release/install/riptide_bringup2:/home/cameron/osu-uwrt/release/install/remote_launch:/opt/ros/humble /usr/bin/cmake --build /home/cameron/ball_balancer/ros/build/ball_balancer -- -j16 -l16[0m
[0.962s] [34mcolcon.colcon_core.event_handler.log_command[0m [1;30mDEBUG[0m [32mInvoking command in '/home/cameron/ball_balancer/ros/build/ball_balancer': CMAKE_PREFIX_PATH=${CMAKE_PREFIX_PATH}:/home/cameron/osu-uwrt/release/install/riptide_bringup2:/home/cameron/osu-uwrt/release/install/remote_launch:/opt/ros/humble /usr/bin/cmake --install /home/cameron/ball_balancer/ros/build/ball_balancer[0m
[1.123s] [34mcolcon.colcon_core.environment[0m [1;30mLevel 1[0m create_environment_scripts_only(ball_balancer)
[1.124s] [34mcolcon.colcon_core.event_handler.log_command[0m [1;30mDEBUG[0m [32mInvoked command in '/home/cameron/ball_balancer/ros/build/ball_balancer' returned '0': CMAKE_PREFIX_PATH=${CMAKE_PREFIX_PATH}:/home/cameron/osu-uwrt/release/install/riptide_bringup2:/home/cameron/osu-uwrt/release/install/remote_launch:/opt/ros/humble /usr/bin/cmake --install /home/cameron/ball_balancer/ros/build/ball_balancer[0m
[1.125s] [34mcolcon.colcon_core.environment[0m [1;30mLevel 1[0m checking '/home/cameron/ball_balancer/ros/install/ball_balancer' for CMake module files
[1.126s] [34mcolcon.colcon_core.environment[0m [1;30mLevel 1[0m checking '/home/cameron/ball_balancer/ros/install/ball_balancer' for CMake config files
[1.126s] [34mcolcon.colcon_core.shell[0m [1;30mLevel 1[0m create_environment_hook('ball_balancer', 'cmake_prefix_path')
[1.126s] [34mcolcon.colcon_core.shell[0m [1;30mINFO[0m Creating environment hook '/home/cameron/ball_balancer/ros/install/ball_balancer/share/ball_balancer/hook/cmake_prefix_path.ps1'
[1.126s] [34mcolcon.colcon_core.shell[0m [1;30mINFO[0m Creating environment descriptor '/home/cameron/ball_balancer/ros/install/ball_balancer/share/ball_balancer/hook/cmake_prefix_path.dsv'
[1.127s] [34mcolcon.colcon_core.shell[0m [1;30mINFO[0m Creating environment hook '/home/cameron/ball_balancer/ros/install/ball_balancer/share/ball_balancer/hook/cmake_prefix_path.sh'
[1.127s] [34mcolcon.colcon_core.environment[0m [1;30mLevel 1[0m checking '/home/cameron/ball_balancer/ros/install/ball_balancer/bin'
[1.127s] [34mcolcon.colcon_core.environment[0m [1;30mLevel 1[0m checking '/home/cameron/ball_balancer/ros/install/ball_balancer/lib/pkgconfig/ball_balancer.pc'
[1.128s] [34mcolcon.colcon_core.environment[0m [1;30mLevel 1[0m checking '/home/cameron/ball_balancer/ros/install/ball_balancer/lib/python3.10/site-packages'
[1.128s] [34mcolcon.colcon_core.environment[0m [1;30mLevel 1[0m checking '/home/cameron/ball_balancer/ros/install/ball_balancer/bin'
[1.128s] [34mcolcon.colcon_core.shell[0m [1;30mINFO[0m Creating package script '/home/cameron/ball_balancer/ros/install/ball_balancer/share/ball_balancer/package.ps1'
[1.128s] [34mcolcon.colcon_core.shell[0m [1;30mINFO[0m Creating package descriptor '/home/cameron/ball_balancer/ros/install/ball_balancer/share/ball_balancer/package.dsv'
[1.129s] [34mcolcon.colcon_core.shell[0m [1;30mINFO[0m Creating package script '/home/cameron/ball_balancer/ros/install/ball_balancer/share/ball_balancer/package.sh'
[1.129s] [34mcolcon.colcon_core.shell[0m [1;30mINFO[0m Creating package script '/home/cameron/ball_balancer/ros/install/ball_balancer/share/ball_balancer/package.bash'
[1.130s] [34mcolcon.colcon_core.shell[0m [1;30mINFO[0m Creating package script '/home/cameron/ball_balancer/ros/install/ball_balancer/share/ball_balancer/package.zsh'
[1.130s] [34mcolcon.colcon_core.environment[0m [1;30mLevel 1[0m create_file_with_runtime_dependencies(/home/cameron/ball_balancer/ros/install/ball_balancer/share/colcon-core/packages/ball_balancer)
[1.131s] [34mcolcon.colcon_core.environment[0m [1;30mLevel 1[0m create_environment_scripts_only(ball_balancer)
[1.131s] [34mcolcon.colcon_core.environment[0m [1;30mLevel 1[0m checking '/home/cameron/ball_balancer/ros/install/ball_balancer' for CMake module files
[1.131s] [34mcolcon.colcon_core.environment[0m [1;30mLevel 1[0m checking '/home/cameron/ball_balancer/ros/install/ball_balancer' for CMake config files
[1.131s] [34mcolcon.colcon_core.shell[0m [1;30mLevel 1[0m create_environment_hook('ball_balancer', 'cmake_prefix_path')
[1.131s] [34mcolcon.colcon_core.shell[0m [1;30mINFO[0m Creating environment hook '/home/cameron/ball_balancer/ros/install/ball_balancer/share/ball_balancer/hook/cmake_prefix_path.ps1'
[1.132s] [34mcolcon.colcon_core.shell[0m [1;30mINFO[0m Creating environment descriptor '/home/cameron/ball_balancer/ros/install/ball_balancer/share/ball_balancer/hook/cmake_prefix_path.dsv'
[1.132s] [34mcolcon.colcon_core.shell[0m [1;30mINFO[0m Creating environment hook '/home/cameron/ball_balancer/ros/install/ball_balancer/share/ball_balancer/hook/cmake_prefix_path.sh'
[1.132s] [34mcolcon.colcon_core.environment[0m [1;30mLevel 1[0m checking '/home/cameron/ball_balancer/ros/install/ball_balancer/bin'
[1.132s] [34mcolcon.colcon_core.environment[0m [1;30mLevel 1[0m checking '/home/cameron/ball_balancer/ros/install/ball_balancer/lib/pkgconfig/ball_balancer.pc'
[1.132s] [34mcolcon.colcon_core.environment[0m [1;30mLevel 1[0m checking '/home/cameron/ball_balancer/ros/install/ball_balancer/lib/python3.10/site-packages'
[1.133s] [34mcolcon.colcon_core.environment[0m [1;30mLevel 1[0m checking '/home/cameron/ball_balancer/ros/install/ball_balancer/bin'
[1.133s] [34mcolcon.colcon_core.shell[0m [1;30mINFO[0m Creating package script '/home/cameron/ball_balancer/ros/install/ball_balancer/share/ball_balancer/package.ps1'
[1.133s] [34mcolcon.colcon_core.shell[0m [1;30mINFO[0m Creating package descriptor '/home/cameron/ball_balancer/ros/install/ball_balancer/share/ball_balancer/package.dsv'
[1.133s] [34mcolcon.colcon_core.shell[0m [1;30mINFO[0m Creating package script '/home/cameron/ball_balancer/ros/install/ball_balancer/share/ball_balancer/package.sh'
[1.134s] [34mcolcon.colcon_core.shell[0m [1;30mINFO[0m Creating package script '/home/cameron/ball_balancer/ros/install/ball_balancer/share/ball_balancer/package.bash'
[1.134s] [34mcolcon.colcon_core.shell[0m [1;30mINFO[0m Creating package script '/home/cameron/ball_balancer/ros/install/ball_balancer/share/ball_balancer/package.zsh'
[1.134s] [34mcolcon.colcon_core.environment[0m [1;30mLevel 1[0m create_file_with_runtime_dependencies(/home/cameron/ball_balancer/ros/install/ball_balancer/share/colcon-core/packages/ball_balancer)
[1.134s] [34mcolcon.colcon_parallel_executor.executor.parallel[0m [1;30mDEBUG[0m [32mclosing loop[0m
[1.135s] [34mcolcon.colcon_parallel_executor.executor.parallel[0m [1;30mDEBUG[0m [32mloop closed[0m
[1.135s] [34mcolcon.colcon_parallel_executor.executor.parallel[0m [1;30mDEBUG[0m [32mrun_until_complete finished with '0'[0m
[1.135s] [34mcolcon.colcon_core.event_reactor[0m [1;30mDEBUG[0m [32mjoining thread[0m
[1.138s] [34mcolcon.colcon_core.plugin_system[0m [1;30mINFO[0m Skipping extension 'colcon_notification.desktop_notification.terminal_notifier': Not used on non-Darwin systems
[1.138s] [34mcolcon.colcon_core.plugin_system[0m [1;30mINFO[0m Skipping extension 'colcon_notification.desktop_notification.win32': Not used on non-Windows systems
[1.139s] [34mcolcon.colcon_notification.desktop_notification[0m [1;30mINFO[0m Sending desktop notification using 'notify2'
[1.146s] [34mcolcon.colcon_core.event_reactor[0m [1;30mDEBUG[0m [32mjoined thread[0m
[1.147s] [34mcolcon.colcon_core.shell[0m [1;30mINFO[0m Creating prefix script '/home/cameron/ball_balancer/ros/install/local_setup.ps1'
[1.148s] [34mcolcon.colcon_core.shell[0m [1;30mINFO[0m Creating prefix util module '/home/cameron/ball_balancer/ros/install/_local_setup_util_ps1.py'
[1.149s] [34mcolcon.colcon_core.shell[0m [1;30mINFO[0m Creating prefix chain script '/home/cameron/ball_balancer/ros/install/setup.ps1'
[1.150s] [34mcolcon.colcon_core.shell[0m [1;30mINFO[0m Creating prefix script '/home/cameron/ball_balancer/ros/install/local_setup.sh'
[1.151s] [34mcolcon.colcon_core.shell[0m [1;30mINFO[0m Creating prefix util module '/home/cameron/ball_balancer/ros/install/_local_setup_util_sh.py'
[1.151s] [34mcolcon.colcon_core.shell[0m [1;30mINFO[0m Creating prefix chain script '/home/cameron/ball_balancer/ros/install/setup.sh'
[1.153s] [34mcolcon.colcon_core.shell[0m [1;30mINFO[0m Creating prefix script '/home/cameron/ball_balancer/ros/install/local_setup.bash'
[1.153s] [34mcolcon.colcon_core.shell[0m [1;30mINFO[0m Creating prefix chain script '/home/cameron/ball_balancer/ros/install/setup.bash'
[1.154s] [34mcolcon.colcon_core.shell[0m [1;30mINFO[0m Creating prefix script '/home/cameron/ball_balancer/ros/install/local_setup.zsh'
[1.155s] [34mcolcon.colcon_core.shell[0m [1;30mINFO[0m Creating prefix chain script '/home/cameron/ball_balancer/ros/install/setup.zsh'
